<?xml version="1.0" encoding="UTF-8"?>
<testng-results skipped="0" failed="0" ignored="0" total="1" passed="1">
  <reporter-output>
  </reporter-output>
  <suite name="Default suite" duration-ms="12580" started-at="2019-04-20T16:45:35Z" finished-at="2019-04-20T16:45:48Z">
    <groups>
    </groups>
    <test name="Default test" duration-ms="12580" started-at="2019-04-20T16:45:35Z" finished-at="2019-04-20T16:45:48Z">
      <class name="tests.GoogleTest">
        <test-method status="PASS" signature="setUp()[pri:0, instance:tests.GoogleTest@1d8d30f7]" name="setUp" is-config="true" duration-ms="10611" started-at="2019-04-20T16:45:35Z" finished-at="2019-04-20T16:45:46Z">
          <reporter-output>
          </reporter-output>
        </test-method> <!-- setUp -->
        <test-method status="PASS" signature="titleTest()[pri:2, instance:tests.GoogleTest@1d8d30f7]" name="titleTest" duration-ms="34" started-at="2019-04-20T16:45:46Z" finished-at="2019-04-20T16:45:46Z">
          <reporter-output>
          </reporter-output>
        </test-method> <!-- titleTest -->
        <test-method status="PASS" signature="tearDown()[pri:0, instance:tests.GoogleTest@1d8d30f7]" name="tearDown" is-config="true" duration-ms="1879" started-at="2019-04-20T16:45:46Z" finished-at="2019-04-20T16:45:48Z">
          <reporter-output>
          </reporter-output>
        </test-method> <!-- tearDown -->
      </class> <!-- tests.GoogleTest -->
    </test> <!-- Default test -->
  </suite> <!-- Default suite -->
</testng-results>
